<?xml version="1.0" encoding="UTF-8"?>
<testsuite name="test.BusinessTest" tests="1" skipped="0" failures="0" errors="0" timestamp="2018-01-12T01:58:58" hostname="MacDaddyStumpy.local" time="1.706">
  <properties/>
  <testcase name="test_create_business" classname="test.BusinessTest" time="1.706"/>
  <system-out><![CDATA[]]></system-out>
  <system-err><![CDATA[Jan 11, 2018 6:58:58 PM org.hibernate.jpa.internal.util.LogHelper logPersistenceUnitInformation
INFO: HHH000204: Processing PersistenceUnitInfo [
	name: AutoDB
	...]
Jan 11, 2018 6:58:59 PM org.hibernate.Version logVersion
INFO: HHH000412: Hibernate Core {5.2.1.Final}
Jan 11, 2018 6:58:59 PM org.hibernate.cfg.Environment <clinit>
INFO: HHH000206: hibernate.properties not found
Jan 11, 2018 6:58:59 PM org.hibernate.cfg.Environment buildBytecodeProvider
INFO: HHH000021: Bytecode provider name : javassist
Jan 11, 2018 6:58:59 PM org.hibernate.annotations.common.reflection.java.JavaReflectionManager <clinit>
INFO: HCANN000001: Hibernate Commons Annotations {5.0.1.Final}
Jan 11, 2018 6:58:59 PM org.hibernate.engine.jdbc.connections.internal.ConnectionProviderInitiator initiateService
INFO: HHH000130: Instantiating explicit connection provider: org.hibernate.connection.C3P0ConnectionProvider
Jan 11, 2018 6:58:59 PM org.hibernate.c3p0.internal.C3P0ConnectionProvider configure
INFO: HHH010002: C3P0 using driver: com.mysql.jdbc.Driver at URL: jdbc:mysql://localhost:3306/autodb
Jan 11, 2018 6:58:59 PM org.hibernate.c3p0.internal.C3P0ConnectionProvider configure
INFO: HHH10001001: Connection properties: {user=auto, password=****, zeroDateTimeBehavior=convertToNull}
Jan 11, 2018 6:58:59 PM org.hibernate.c3p0.internal.C3P0ConnectionProvider configure
INFO: HHH10001003: Autocommit mode: false
Jan 11, 2018 6:58:59 PM com.mchange.v2.log.MLog <clinit>
INFO: MLog clients using java 1.4+ standard logging.
Jan 11, 2018 6:58:59 PM com.mchange.v2.c3p0.C3P0Registry banner
INFO: Initializing c3p0-0.9.2.1 [built 20-March-2013 10:47:27 +0000; debug? true; trace: 10]
Jan 11, 2018 6:58:59 PM org.hibernate.c3p0.internal.C3P0ConnectionProvider configure
INFO: HHH10001007: JDBC isolation level: <unknown>
Jan 11, 2018 6:58:59 PM com.mchange.v2.c3p0.impl.AbstractPoolBackedDataSource getPoolManager
INFO: Initializing c3p0 pool... com.mchange.v2.c3p0.PoolBackedDataSource@ef103ab4 [ connectionPoolDataSource -> com.mchange.v2.c3p0.WrapperConnectionPoolDataSource@c3917fff [ acquireIncrement -> 1, acquireRetryAttempts -> 30, acquireRetryDelay -> 1000, autoCommitOnClose -> false, automaticTestTable -> null, breakAfterAcquireFailure -> false, checkoutTimeout -> 0, connectionCustomizerClassName -> null, connectionTesterClassName -> com.mchange.v2.c3p0.impl.DefaultConnectionTester, debugUnreturnedConnectionStackTraces -> false, factoryClassLocation -> null, forceIgnoreUnresolvedTransactions -> false, identityToken -> 1bqrzre9s1seaqsqf4fz1r|1ca35499, idleConnectionTestPeriod -> 300, initialPoolSize -> 0, maxAdministrativeTaskTime -> 0, maxConnectionAge -> 0, maxIdleTime -> 60, maxIdleTimeExcessConnections -> 0, maxPoolSize -> 5, maxStatements -> 0, maxStatementsPerConnection -> 0, minPoolSize -> 0, nestedDataSource -> com.mchange.v2.c3p0.DriverManagerDataSource@2d864db3 [ description -> null, driverClass -> null, factoryClassLocation -> null, identityToken -> 1bqrzre9s1seaqsqf4fz1r|333277a1, jdbcUrl -> jdbc:mysql://localhost:3306/autodb, properties -> {user=******, password=******, zeroDateTimeBehavior=convertToNull} ], preferredTestQuery -> null, propertyCycle -> 0, statementCacheNumDeferredCloseThreads -> 0, testConnectionOnCheckin -> false, testConnectionOnCheckout -> false, unreturnedConnectionTimeout -> 0, usesTraditionalReflectiveProxies -> false; userOverrides: {} ], dataSourceName -> null, factoryClassLocation -> null, identityToken -> 1bqrzre9s1seaqsqf4fz1r|7186165f, numHelperThreads -> 3 ]
Jan 11, 2018 6:58:59 PM org.hibernate.dialect.Dialect <init>
INFO: HHH000400: Using dialect: org.hibernate.dialect.MySQLDialect
Jan 11, 2018 6:58:59 PM org.hibernate.engine.jdbc.env.internal.LobCreatorBuilderImpl useContextualLobCreation
INFO: HHH000424: Disabling contextual LOB creation as createClob() method threw error : java.lang.reflect.InvocationTargetException
]]></system-err>
</testsuite>
