<?xml version="1.0" encoding="UTF-8"?>
<testsuite name="ctrl.PingCtrlTest" tests="0" skipped="0" failures="0" errors="0" timestamp="1970-01-01T00:00:00" hostname="MacDaddyStumpy.local" time="0.0">
  <properties/>
  <system-out><![CDATA[]]></system-out>
  <system-err><![CDATA[Jan 11, 2018 6:58:58 PM org.springframework.test.context.web.WebTestContextBootstrapper getDefaultTestExecutionListenerClassNames
INFO: Loaded default TestExecutionListener class names from location [META-INF/spring.factories]: [org.springframework.test.context.web.ServletTestExecutionListener, org.springframework.test.context.support.DirtiesContextBeforeModesTestExecutionListener, org.springframework.test.context.support.DependencyInjectionTestExecutionListener, org.springframework.test.context.support.DirtiesContextTestExecutionListener, org.springframework.test.context.transaction.TransactionalTestExecutionListener, org.springframework.test.context.jdbc.SqlScriptsTestExecutionListener]
Jan 11, 2018 6:58:58 PM org.springframework.test.context.web.WebTestContextBootstrapper getTestExecutionListeners
INFO: Using TestExecutionListeners: [org.springframework.test.context.web.ServletTestExecutionListener@3fa3cbfb, org.springframework.test.context.support.DirtiesContextBeforeModesTestExecutionListener@2a55b789, org.springframework.test.context.support.DependencyInjectionTestExecutionListener@26ce91af, org.springframework.test.context.support.DirtiesContextTestExecutionListener@24ff41d0, org.springframework.test.context.transaction.TransactionalTestExecutionListener@5a2baa7, org.springframework.test.context.jdbc.SqlScriptsTestExecutionListener@24cac65]
]]></system-err>
</testsuite>
