<?xml version="1.0" encoding="UTF-8"?>
<testsuite name="ctrl.PingCtrlTest" tests="0" skipped="0" failures="0" errors="0" timestamp="1970-01-01T00:00:00" hostname="Jasons-MacBook-Pro.local" time="0.0">
  <properties/>
  <system-out><![CDATA[]]></system-out>
  <system-err><![CDATA[Jan 13, 2018 8:10:48 PM org.springframework.test.context.web.WebTestContextBootstrapper getDefaultTestExecutionListenerClassNames
INFO: Loaded default TestExecutionListener class names from location [META-INF/spring.factories]: [org.springframework.test.context.web.ServletTestExecutionListener, org.springframework.test.context.support.DirtiesContextBeforeModesTestExecutionListener, org.springframework.test.context.support.DependencyInjectionTestExecutionListener, org.springframework.test.context.support.DirtiesContextTestExecutionListener, org.springframework.test.context.transaction.TransactionalTestExecutionListener, org.springframework.test.context.jdbc.SqlScriptsTestExecutionListener]
Jan 13, 2018 8:10:48 PM org.springframework.test.context.web.WebTestContextBootstrapper getTestExecutionListeners
INFO: Using TestExecutionListeners: [org.springframework.test.context.web.ServletTestExecutionListener@3edad83c, org.springframework.test.context.support.DirtiesContextBeforeModesTestExecutionListener@2a2aa10d, org.springframework.test.context.support.DependencyInjectionTestExecutionListener@438aa127, org.springframework.test.context.support.DirtiesContextTestExecutionListener@576b7261, org.springframework.test.context.transaction.TransactionalTestExecutionListener@3f185b88, org.springframework.test.context.jdbc.SqlScriptsTestExecutionListener@40c5b7af]
]]></system-err>
</testsuite>
