<?xml version="1.0" encoding="UTF-8"?>
<testsuite name="ctrl.PingCtrlTest" tests="0" skipped="0" failures="0" errors="0" timestamp="1970-01-01T00:00:00" hostname="MacDaddyStumpy.local" time="0.0">
  <properties/>
  <system-out><![CDATA[]]></system-out>
  <system-err><![CDATA[Jan 11, 2018 5:30:36 PM org.springframework.test.context.web.WebTestContextBootstrapper getDefaultTestExecutionListenerClassNames
INFO: Loaded default TestExecutionListener class names from location [META-INF/spring.factories]: [org.springframework.test.context.web.ServletTestExecutionListener, org.springframework.test.context.support.DirtiesContextBeforeModesTestExecutionListener, org.springframework.test.context.support.DependencyInjectionTestExecutionListener, org.springframework.test.context.support.DirtiesContextTestExecutionListener, org.springframework.test.context.transaction.TransactionalTestExecutionListener, org.springframework.test.context.jdbc.SqlScriptsTestExecutionListener]
Jan 11, 2018 5:30:36 PM org.springframework.test.context.web.WebTestContextBootstrapper getTestExecutionListeners
INFO: Using TestExecutionListeners: [org.springframework.test.context.web.ServletTestExecutionListener@6c151ad9, org.springframework.test.context.support.DirtiesContextBeforeModesTestExecutionListener@50644143, org.springframework.test.context.support.DependencyInjectionTestExecutionListener@1fc6ca5f, org.springframework.test.context.support.DirtiesContextTestExecutionListener@3819b019, org.springframework.test.context.transaction.TransactionalTestExecutionListener@7c1ea611, org.springframework.test.context.jdbc.SqlScriptsTestExecutionListener@e828e88]
]]></system-err>
</testsuite>
